<?xml version="1.0" encoding="UTF-8"?>
<robot generator="Robot 3.1.2 (Python 3.7.2 on win32)" generated="20200220 15:56:47.971" rpa="false">
<suite id="s1" name="Test" source="C:\Users\Shailendra singh\PycharmProjects\Web_Automation\Test.robot">
<test id="s1-t1" name="Submit button Check">
<kw name="Open Browser" library="SeleniumLibrary">
<doc>Opens a new browser instance to the optional ``url``.</doc>
<arguments>
<arg>https://www.prolitus.com/</arg>
<arg>GC</arg>
</arguments>
<msg timestamp="20200220 15:56:48.411" level="INFO">Opening browser 'GC' to base url 'https://www.prolitus.com/'.</msg>
<status status="PASS" starttime="20200220 15:56:48.411" endtime="20200220 15:57:01.651"></status>
</kw>
<kw name="Click Button" library="SeleniumLibrary">
<doc>Clicks the button identified by ``locator``.</doc>
<arguments>
<arg>xpath=//*[@id="callus"]/div/div[9]/input[5]</arg>
</arguments>
<msg timestamp="20200220 15:57:01.655" level="INFO">Clicking button 'xpath=//*[@id="callus"]/div/div[9]/input[5]'.</msg>
<status status="PASS" starttime="20200220 15:57:01.651" endtime="20200220 15:57:01.891"></status>
</kw>
<tags>
<tag>DEBUG</tag>
</tags>
<status status="PASS" starttime="20200220 15:56:48.407" endtime="20200220 15:57:01.891" critical="yes"></status>
</test>
<status status="PASS" starttime="20200220 15:56:47.975" endtime="20200220 15:57:01.895"></status>
</suite>
<statistics>
<total>
<stat pass="1" fail="0">Critical Tests</stat>
<stat pass="1" fail="0">All Tests</stat>
</total>
<tag>
<stat pass="1" fail="0">DEBUG</stat>
</tag>
<suite>
<stat pass="1" fail="0" id="s1" name="Test">Test</stat>
</suite>
</statistics>
<errors>
<msg timestamp="20200220 15:56:47.963" level="ERROR">Error in file 'C:\Users\Shailendra singh\PycharmProjects\Web_Automation\Test.robot': Setting 'Documentation' used multiple times.</msg>
</errors>
</robot>
